#
# There is insufficient memory for the Java Runtime Environment to continue.
# Native memory allocation (malloc) failed to allocate 1868176 bytes for Chunk::new
# Possible reasons:
#   The system is out of physical RAM or swap space
#   The process is running with CompressedOops enabled, and the Java Heap may be blocking the growth of the native heap
# Possible solutions:
#   Reduce memory load on the system
#   Increase physical memory or swap space
#   Check if swap backing store is full
#   Decrease Java heap size (-Xmx/-Xms)
#   Decrease number of Java threads
#   Decrease Java thread stack sizes (-Xss)
#   Set larger code cache with -XX:ReservedCodeCacheSize=
#   JVM is running with Unscaled Compressed Oops mode in which the Java heap is
#     placed in the first 4GB address space. The Java Heap base address is the
#     maximum limit for the native heap growth. Please use -XX:HeapBaseMinAddress
#     to set the Java Heap base and to place the Java Heap above 4GB virtual address.
# This output file may be truncated or incomplete.
#
#  Out of Memory Error (allocation.cpp:389), pid=11164, tid=0x0000000000003908
#
# JRE version: OpenJDK Runtime Environment (8.0_212-b04) (build 1.8.0_212-release-1586-b04)
# Java VM: OpenJDK 64-Bit Server VM (25.212-b04 mixed mode windows-amd64 compressed oops)
# Failed to write core dump. Minidumps are not enabled by default on client versions of Windows
#

---------------  T H R E A D  ---------------

Current thread (0x000000001673b000):  JavaThread "C2 CompilerThread1" daemon [_thread_in_native, id=14600, stack(0x00000000181a0000,0x00000000182a0000)]

Stack: [0x00000000181a0000,0x00000000182a0000]
[error occurred during error reporting (printing stack bounds), id 0xc0000005]

Native frames: (J=compiled Java code, j=interpreted, Vv=VM code, C=native code)


Current CompileTask:
C2:   5938 2416       4       java.net.URLClassLoader$1::run (5 bytes)


---------------  P R O C E S S  ---------------

Java Threads: ( => current thread )
  0x0000000018816000 JavaThread "Cache worker for execution history cache (C:\Users\user\.gradle\caches\5.6.4\executionHistory)" [_thread_blocked, id=14192, stack(0x00000000202b0000,0x00000000203b0000)]
  0x0000000018815000 JavaThread "Cache worker for cache directory md-rule (C:\Users\user\.gradle\caches\5.6.4\md-rule)" [_thread_blocked, id=18188, stack(0x00000000201b0000,0x00000000202b0000)]
  0x0000000018814800 JavaThread "Cache worker for cache directory md-supplier (C:\Users\user\.gradle\caches\5.6.4\md-supplier)" [_thread_blocked, id=13612, stack(0x00000000200b0000,0x00000000201b0000)]
  0x000000001863d800 JavaThread "Cache worker for file hash cache (G:\AndroidStudioProjects\UIDesign\.gradle\5.6.4\fileHashes)" [_thread_blocked, id=5948, stack(0x000000001e390000,0x000000001e490000)]
  0x000000001863c000 JavaThread "Cache worker for journal cache (C:\Users\user\.gradle\caches\journal-1)" [_thread_blocked, id=13960, stack(0x000000001c0f0000,0x000000001c1f0000)]
  0x000000001863a800 JavaThread "File lock request listener" [_thread_in_native, id=1940, stack(0x000000001bef0000,0x000000001bff0000)]
  0x000000001863b000 JavaThread "Cache worker for file hash cache (C:\Users\user\.gradle\caches\5.6.4\fileHashes)" [_thread_blocked, id=9240, stack(0x000000001bdf0000,0x000000001bef0000)]
  0x0000000018637800 JavaThread "Thread-9" [_thread_blocked, id=16948, stack(0x000000001baf0000,0x000000001bbf0000)]
  0x000000001863c800 JavaThread "Stdin handler" [_thread_blocked, id=15564, stack(0x000000001b9f0000,0x000000001baf0000)]
  0x000000001a28a000 JavaThread "Asynchronous log dispatcher for DefaultDaemonConnection: socket connection from /127.0.0.1:8788 to /127.0.0.1:8789" [_thread_blocked, id=13596, stack(0x000000001b8f0000,0x000000001b9f0000)]
  0x000000001a2fa800 JavaThread "Daemon worker" [_thread_in_vm, id=14008, stack(0x000000001b7f0000,0x000000001b8f0000)]
  0x000000001a2f9800 JavaThread "Cancel handler" [_thread_blocked, id=10932, stack(0x000000001b6f0000,0x000000001b7f0000)]
  0x000000001a235000 JavaThread "Handler for socket connection from /127.0.0.1:8788 to /127.0.0.1:8789" [_thread_in_native, id=14228, stack(0x000000001b3f0000,0x000000001b4f0000)]
  0x000000001a230800 JavaThread "Daemon" [_thread_blocked, id=11296, stack(0x000000001b2f0000,0x000000001b3f0000)]
  0x00000000185dc800 JavaThread "Daemon periodic checks" [_thread_blocked, id=16136, stack(0x000000001b1f0000,0x000000001b2f0000)]
  0x00000000185db800 JavaThread "Incoming local TCP Connector on port 8788" [_thread_in_native, id=18360, stack(0x000000001b040000,0x000000001b140000)]
  0x000000001a14a000 JavaThread "Daemon health stats" [_thread_blocked, id=1804, stack(0x000000001ad40000,0x000000001ae40000)]
  0x0000000017b3a000 JavaThread "Service Thread" daemon [_thread_blocked, id=16248, stack(0x00000000183a0000,0x00000000184a0000)]
  0x0000000017ab1000 JavaThread "C1 CompilerThread2" daemon [_thread_blocked, id=11124, stack(0x00000000182a0000,0x00000000183a0000)]
=>0x000000001673b000 JavaThread "C2 CompilerThread1" daemon [_thread_in_native, id=14600, stack(0x00000000181a0000,0x00000000182a0000)]
  0x00000000166f2000 JavaThread "C2 CompilerThread0" daemon [_thread_in_native, id=8612, stack(0x00000000180a0000,0x00000000181a0000)]
  0x0000000016738000 JavaThread "Attach Listener" daemon [_thread_blocked, id=5028, stack(0x0000000017fa0000,0x00000000180a0000)]
  0x0000000017ab0800 JavaThread "Signal Dispatcher" daemon [_thread_blocked, id=17624, stack(0x0000000017ea0000,0x0000000017fa0000)]
  0x0000000002d0d800 JavaThread "Finalizer" daemon [_thread_blocked, id=13472, stack(0x0000000017940000,0x0000000017a40000)]
  0x00000000166c9000 JavaThread "Reference Handler" daemon [_thread_blocked, id=17760, stack(0x0000000017840000,0x0000000017940000)]
  0x0000000002c13800 JavaThread "main" [_thread_blocked, id=14424, stack(0x0000000002790000,0x0000000002890000)]

Other Threads:
  0x00000000166a7800 VMThread [stack: 0x0000000017740000,0x0000000017840000] [id=16936]
  0x0000000017b3b800 WatcherThread [stack: 0x00000000184a0000,0x00000000185a0000] [id=11768]

VM state:not at safepoint (normal execution)

VM Mutex/Monitor currently owned by a thread:  ([mutex/lock_event])
[0x0000000002c12ee0] Compile_lock - owner thread: 0x0000000000000000

heap address: 0x00000000a0000000, size: 1536 MB, Compressed Oops mode: 32-bit
Narrow klass base: 0x0000000000000000, Narrow klass shift: 3
Compressed class space size: 1073741824 Address: 0x0000000100000000

Heap:
 PSYoungGen      total 70656K, used 26029K [0x00000000e0000000, 0x00000000e7780000, 0x0000000100000000)
  eden space 57856K, 31% used [0x00000000e0000000,0x00000000e11a08d8,0x00000000e3880000)
  from space 12800K, 62% used [0x00000000e3880000,0x00000000e404ae10,0x00000000e4500000)
  to   space 12288K, 0% used [0x00000000e6b80000,0x00000000e6b80000,0x00000000e7780000)
 ParOldGen       total 64000K, used 15376K [0x00000000a0000000, 0x00000000a3e80000, 0x00000000e0000000)
  object space 64000K, 24% used [0x00000000a0000000,0x00000000a0f04268,0x00000000a3e80000)
 Metaspace       used 32580K, capacity 33184K, committed 33408K, reserved 1077248K
  class space    used 4462K, capacity 4655K, committed 4736K, reserved 1048576K

Card table byte_map: [0x0000000012130000,0x0000000012440000] byte_map_base: 0x0000000011c30000

Marking Bits: (ParMarkBitMap*) 0x000000005c029f30
 Begin Bits: [0x0000000012a40000, 0x0000000014240000)
 End Bits:   [0x0000000014240000, 0x0000000015a40000)

Polling page: 0x0000000000e90000

CodeCache: size=245760Kb used=9621Kb max_used=9621Kb free=236138Kb
 bounds [0x0000000002d70000, 0x00000000036e0000, 0x0000000011d70000]
 total_blobs=3166 nmethods=2481 adapters=598
 compilation: enabled

Compilation events (10 events):
Event: 5.888 Thread 0x0000000017ab1000 2484       3       java.util.concurrent.locks.AbstractQueuedSynchronizer::compareAndSetWaitStatus (13 bytes)
Event: 5.888 Thread 0x0000000017ab1000 nmethod 2484 0x00000000036d7d50 code [0x00000000036d7ea0, 0x00000000036d7ff0]
Event: 5.898 Thread 0x0000000017ab1000 2485       3       java.util.concurrent.TimeUnit::x (27 bytes)
Event: 5.899 Thread 0x0000000017ab1000 nmethod 2485 0x00000000036d8050 code [0x00000000036d81a0, 0x00000000036d8390]
Event: 5.920 Thread 0x0000000017ab1000 2486   !   3       java.util.concurrent.locks.AbstractQueuedSynchronizer::acquireQueued (93 bytes)
Event: 5.921 Thread 0x0000000017ab1000 nmethod 2486 0x00000000036d8690 code [0x00000000036d88c0, 0x00000000036d93d8]
Event: 5.922 Thread 0x0000000017ab1000 2487       3       java.security.MessageDigest$Delegate::engineUpdate (11 bytes)
Event: 5.923 Thread 0x0000000017ab1000 nmethod 2487 0x00000000036d9a50 code [0x00000000036d9bc0, 0x00000000036d9de8]
Event: 5.925 Thread 0x0000000017ab1000 2488       1       org.slf4j.impl.StaticLoggerBinder::getLoggerFactory (5 bytes)
Event: 5.925 Thread 0x0000000017ab1000 nmethod 2488 0x00000000036d9ed0 code [0x00000000036da020, 0x00000000036da130]

GC Heap History (10 events):
Event: 3.734 GC heap before
{Heap before GC invocations=4 (full 0):
 PSYoungGen      total 37888K, used 37880K [0x00000000e0000000, 0x00000000e4a00000, 0x0000000100000000)
  eden space 32768K, 100% used [0x00000000e0000000,0x00000000e2000000,0x00000000e2000000)
  from space 5120K, 99% used [0x00000000e2000000,0x00000000e24fe010,0x00000000e2500000)
  to   space 5120K, 0% used [0x00000000e4500000,0x00000000e4500000,0x00000000e4a00000)
 ParOldGen       total 86016K, used 1605K [0x00000000a0000000, 0x00000000a5400000, 0x00000000e0000000)
  object space 86016K, 1% used [0x00000000a0000000,0x00000000a01915f8,0x00000000a5400000)
 Metaspace       used 14688K, capacity 15120K, committed 15232K, reserved 1062912K
  class space    used 2046K, capacity 2164K, committed 2176K, reserved 1048576K
Event: 3.744 GC heap after
Heap after GC invocations=4 (full 0):
 PSYoungGen      total 70656K, used 5096K [0x00000000e0000000, 0x00000000e4a00000, 0x0000000100000000)
  eden space 65536K, 0% used [0x00000000e0000000,0x00000000e0000000,0x00000000e4000000)
  from space 5120K, 99% used [0x00000000e4500000,0x00000000e49fa020,0x00000000e4a00000)
  to   space 5120K, 0% used [0x00000000e4000000,0x00000000e4000000,0x00000000e4500000)
 ParOldGen       total 86016K, used 4324K [0x00000000a0000000, 0x00000000a5400000, 0x00000000e0000000)
  object space 86016K, 5% used [0x00000000a0000000,0x00000000a0439120,0x00000000a5400000)
 Metaspace       used 14688K, capacity 15120K, committed 15232K, reserved 1062912K
  class space    used 2046K, capacity 2164K, committed 2176K, reserved 1048576K
}
Event: 4.614 GC heap before
{Heap before GC invocations=5 (full 0):
 PSYoungGen      total 70656K, used 67267K [0x00000000e0000000, 0x00000000e4a00000, 0x0000000100000000)
  eden space 65536K, 94% used [0x00000000e0000000,0x00000000e3cb6c50,0x00000000e4000000)
  from space 5120K, 99% used [0x00000000e4500000,0x00000000e49fa020,0x00000000e4a00000)
  to   space 5120K, 0% used [0x00000000e4000000,0x00000000e4000000,0x00000000e4500000)
 ParOldGen       total 86016K, used 4324K [0x00000000a0000000, 0x00000000a5400000, 0x00000000e0000000)
  object space 86016K, 5% used [0x00000000a0000000,0x00000000a0439120,0x00000000a5400000)
 Metaspace       used 20665K, capacity 21182K, committed 21296K, reserved 1067008K
  class space    used 2973K, capacity 3133K, committed 3200K, reserved 1048576K
Event: 4.623 GC heap after
Heap after GC invocations=5 (full 0):
 PSYoungGen      total 70656K, used 5100K [0x00000000e0000000, 0x00000000e4a00000, 0x0000000100000000)
  eden space 65536K, 0% used [0x00000000e0000000,0x00000000e0000000,0x00000000e4000000)
  from space 5120K, 99% used [0x00000000e4000000,0x00000000e44fb070,0x00000000e4500000)
  to   space 5120K, 0% used [0x00000000e4500000,0x00000000e4500000,0x00000000e4a00000)
 ParOldGen       total 86016K, used 11738K [0x00000000a0000000, 0x00000000a5400000, 0x00000000e0000000)
  object space 86016K, 13% used [0x00000000a0000000,0x00000000a0b769c8,0x00000000a5400000)
 Metaspace       used 20665K, capacity 21182K, committed 21296K, reserved 1067008K
  class space    used 2973K, capacity 3133K, committed 3200K, reserved 1048576K
}
Event: 4.623 GC heap before
{Heap before GC invocations=6 (full 1):
 PSYoungGen      total 70656K, used 5100K [0x00000000e0000000, 0x00000000e4a00000, 0x0000000100000000)
  eden space 65536K, 0% used [0x00000000e0000000,0x00000000e0000000,0x00000000e4000000)
  from space 5120K, 99% used [0x00000000e4000000,0x00000000e44fb070,0x00000000e4500000)
  to   space 5120K, 0% used [0x00000000e4500000,0x00000000e4500000,0x00000000e4a00000)
 ParOldGen       total 86016K, used 11738K [0x00000000a0000000, 0x00000000a5400000, 0x00000000e0000000)
  object space 86016K, 13% used [0x00000000a0000000,0x00000000a0b769c8,0x00000000a5400000)
 Metaspace       used 20665K, capacity 21182K, committed 21296K, reserved 1067008K
  class space    used 2973K, capacity 3133K, committed 3200K, reserved 1048576K
Event: 4.662 GC heap after
Heap after GC invocations=6 (full 1):
 PSYoungGen      total 70656K, used 0K [0x00000000e0000000, 0x00000000e4a00000, 0x0000000100000000)
  eden space 65536K, 0% used [0x00000000e0000000,0x00000000e0000000,0x00000000e4000000)
  from space 5120K, 0% used [0x00000000e4000000,0x00000000e4000000,0x00000000e4500000)
  to   space 5120K, 0% used [0x00000000e4500000,0x00000000e4500000,0x00000000e4a00000)
 ParOldGen       total 64000K, used 12340K [0x00000000a0000000, 0x00000000a3e80000, 0x00000000e0000000)
  object space 64000K, 19% used [0x00000000a0000000,0x00000000a0c0d3d8,0x00000000a3e80000)
 Metaspace       used 20665K, capacity 21182K, committed 21296K, reserved 1067008K
  class space    used 2973K, capacity 3133K, committed 3200K, reserved 1048576K
}
Event: 5.357 GC heap before
{Heap before GC invocations=7 (full 1):
 PSYoungGen      total 70656K, used 65536K [0x00000000e0000000, 0x00000000e4a00000, 0x0000000100000000)
  eden space 65536K, 100% used [0x00000000e0000000,0x00000000e4000000,0x00000000e4000000)
  from space 5120K, 0% used [0x00000000e4000000,0x00000000e4000000,0x00000000e4500000)
  to   space 5120K, 0% used [0x00000000e4500000,0x00000000e4500000,0x00000000e4a00000)
 ParOldGen       total 64000K, used 12340K [0x00000000a0000000, 0x00000000a3e80000, 0x00000000e0000000)
  object space 64000K, 19% used [0x00000000a0000000,0x00000000a0c0d3d8,0x00000000a3e80000)
 Metaspace       used 29108K, capacity 29666K, committed 30080K, reserved 1075200K
  class space    used 3913K, capacity 4101K, committed 4224K, reserved 1048576K
Event: 5.362 GC heap after
Heap after GC invocations=7 (full 1):
 PSYoungGen      total 62976K, used 5099K [0x00000000e0000000, 0x00000000e8100000, 0x0000000100000000)
  eden space 57856K, 0% used [0x00000000e0000000,0x00000000e0000000,0x00000000e3880000)
  from space 5120K, 99% used [0x00000000e4500000,0x00000000e49facb0,0x00000000e4a00000)
  to   space 12800K, 0% used [0x00000000e3880000,0x00000000e3880000,0x00000000e4500000)
 ParOldGen       total 64000K, used 15368K [0x00000000a0000000, 0x00000000a3e80000, 0x00000000e0000000)
  object space 64000K, 24% used [0x00000000a0000000,0x00000000a0f02268,0x00000000a3e80000)
 Metaspace       used 29108K, capacity 29666K, committed 30080K, reserved 1075200K
  class space    used 3913K, capacity 4101K, committed 4224K, reserved 1048576K
}
Event: 5.787 GC heap before
{Heap before GC invocations=8 (full 1):
 PSYoungGen      total 62976K, used 62955K [0x00000000e0000000, 0x00000000e8100000, 0x0000000100000000)
  eden space 57856K, 100% used [0x00000000e0000000,0x00000000e3880000,0x00000000e3880000)
  from space 5120K, 99% used [0x00000000e4500000,0x00000000e49facb0,0x00000000e4a00000)
  to   space 12800K, 0% used [0x00000000e3880000,0x00000000e3880000,0x00000000e4500000)
 ParOldGen       total 64000K, used 15368K [0x00000000a0000000, 0x00000000a3e80000, 0x00000000e0000000)
  object space 64000K, 24% used [0x00000000a0000000,0x00000000a0f02268,0x00000000a3e80000)
 Metaspace       used 31785K, capacity 32384K, committed 32512K, reserved 1077248K
  class space    used 4350K, capacity 4559K, committed 4608K, reserved 1048576K
Event: 5.801 GC heap after
Heap after GC invocations=8 (full 1):
 PSYoungGen      total 70656K, used 7979K [0x00000000e0000000, 0x00000000e7780000, 0x0000000100000000)
  eden space 57856K, 0% used [0x00000000e0000000,0x00000000e0000000,0x00000000e3880000)
  from space 12800K, 62% used [0x00000000e3880000,0x00000000e404ae10,0x00000000e4500000)
  to   space 12288K, 0% used [0x00000000e6b80000,0x00000000e6b80000,0x00000000e7780000)
 ParOldGen       total 64000K, used 15376K [0x00000000a0000000, 0x00000000a3e80000, 0x00000000e0000000)
  object space 64000K, 24% used [0x00000000a0000000,0x00000000a0f04268,0x00000000a3e80000)
 Metaspace       used 31785K, capacity 32384K, committed 32512K, reserved 1077248K
  class space    used 4350K, capacity 4559K, committed 4608K, reserved 1048576K
}

Deoptimization events (10 events):
Event: 5.117 Thread 0x000000001a2fa800 Uncommon trap: reason=unstable_if action=reinterpret pc=0x000000000321c494 method=java.util.HashMap.hash(Ljava/lang/Object;)I @ 1
Event: 5.148 Thread 0x000000001a2fa800 Uncommon trap: reason=unstable_if action=reinterpret pc=0x000000000316b470 method=java.util.LinkedHashMap.afterNodeInsertion(Z)V @ 1
Event: 5.223 Thread 0x000000001a2fa800 Uncommon trap: reason=unstable_if action=reinterpret pc=0x00000000035db884 method=org.gradle.internal.reflect.PropertyAccessorType.isGetGetterName(Ljava/lang/String;)Z @ 14
Event: 5.259 Thread 0x000000001a2fa800 Uncommon trap: reason=unstable_if action=reinterpret pc=0x0000000003601888 method=org.objectweb.asm.ByteVector.putShort(I)Lorg/objectweb/asm/ByteVector; @ 13
Event: 5.347 Thread 0x000000001a2fa800 Uncommon trap: reason=class_check action=maybe_recompile pc=0x00000000033d4248 method=sun.misc.URLClassPath.getLoader(I)Lsun/misc/URLClassPath$Loader; @ 94
Event: 5.351 Thread 0x000000001a2fa800 Uncommon trap: reason=class_check action=maybe_recompile pc=0x00000000033dafb8 method=sun.misc.URLClassPath.getLoader(I)Lsun/misc/URLClassPath$Loader; @ 239
Event: 5.416 Thread 0x000000001a2fa800 Uncommon trap: reason=unstable_if action=reinterpret pc=0x000000000303cd0c method=java.io.WinNTFileSystem.resolve(Ljava/lang/String;Ljava/lang/String;)Ljava/lang/String; @ 49
Event: 5.661 Thread 0x000000001a2fa800 Uncommon trap: reason=class_check action=maybe_recompile pc=0x000000000367aba0 method=sun.reflect.generics.reflectiveObjects.TypeVariableImpl.getGenericDeclaration()Ljava/lang/reflect/GenericDeclaration; @ 4
Event: 5.661 Thread 0x000000001a2fa800 Uncommon trap: reason=class_check action=maybe_recompile pc=0x000000000367aba0 method=sun.reflect.generics.reflectiveObjects.TypeVariableImpl.getGenericDeclaration()Ljava/lang/reflect/GenericDeclaration; @ 4
Event: 5.812 Thread 0x000000001a2fa800 Uncommon trap: reason=unstable_if action=reinterpret pc=0x0000000003615f60 method=java.net.URI.match(CJJ)Z @ 45

Classes redefined (0 events):
No events

Internal exceptions (10 events):
Event: 5.481 Thread 0x000000001a2fa800 Exception <a 'java/lang/ClassNotFoundException': org/gradle/api/internal/DefaultDomainObjectCollectionCustomizer> (0x00000000e0ec9bc0) thrown at [D:\src\AOSP-openjdk-cygwin\jdk8u\hotspot\src\share\vm\classfile\systemDictionary.cpp, line 210]
Event: 5.483 Thread 0x000000001a2fa800 Exception <a 'java/lang/ClassNotFoundException': org/gradle/api/internal/DefaultNamedDomainObjectCollectionCustomizer> (0x00000000e0f27bc8) thrown at [D:\src\AOSP-openjdk-cygwin\jdk8u\hotspot\src\share\vm\classfile\systemDictionary.cpp, line 210]
Event: 5.489 Thread 0x000000001a2fa800 Exception <a 'java/lang/ClassNotFoundException': org/gradle/api/internal/DefaultNamedDomainObjectListCustomizer> (0x00000000e0f9b620) thrown at [D:\src\AOSP-openjdk-cygwin\jdk8u\hotspot\src\share\vm\classfile\systemDictionary.cpp, line 210]
Event: 5.491 Thread 0x000000001a2fa800 Exception <a 'java/lang/ClassNotFoundException': org/gradle/api/internal/artifacts/DefaultArtifactRepositoryContainerCustomizer> (0x00000000e1010e70) thrown at [D:\src\AOSP-openjdk-cygwin\jdk8u\hotspot\src\share\vm\classfile\systemDictionary.cpp, line 210
Event: 5.494 Thread 0x000000001a2fa800 Exception <a 'java/lang/ClassNotFoundException': org/gradle/api/internal/artifacts/dsl/DefaultRepositoryHandlerCustomizer> (0x00000000e1076bd8) thrown at [D:\src\AOSP-openjdk-cygwin\jdk8u\hotspot\src\share\vm\classfile\systemDictionary.cpp, line 210]
Event: 5.495 Thread 0x000000001a2fa800 Exception <a 'java/lang/ClassNotFoundException': org/gradle/api/internal/artifacts/dsl/DefaultRepositoryHandler_DecoratedCustomizer> (0x00000000e10f2fa0) thrown at [D:\src\AOSP-openjdk-cygwin\jdk8u\hotspot\src\share\vm\classfile\systemDictionary.cpp, line
Event: 5.766 Thread 0x000000001a2fa800 Exception <a 'java/lang/ClassNotFoundException': org/gradle/api/internal/artifacts/dsl/dependencies/DefaultDependencyHandler_DecoratedBeanInfo> (0x00000000e3621390) thrown at [D:\src\AOSP-openjdk-cygwin\jdk8u\hotspot\src\share\vm\classfile\systemDictionar
Event: 5.767 Thread 0x000000001a2fa800 Exception <a 'java/lang/ClassNotFoundException': org/gradle/api/internal/artifacts/dsl/dependencies/DefaultDependencyHandlerBeanInfo> (0x00000000e367a090) thrown at [D:\src\AOSP-openjdk-cygwin\jdk8u\hotspot\src\share\vm\classfile\systemDictionary.cpp, lin
Event: 5.768 Thread 0x000000001a2fa800 Exception <a 'java/lang/ClassNotFoundException': org/gradle/api/internal/artifacts/dsl/dependencies/DefaultDependencyHandlerCustomizer> (0x00000000e36d3bc8) thrown at [D:\src\AOSP-openjdk-cygwin\jdk8u\hotspot\src\share\vm\classfile\systemDictionary.cpp, l
Event: 5.774 Thread 0x000000001a2fa800 Exception <a 'java/lang/ClassNotFoundException': org/gradle/api/internal/artifacts/dsl/dependencies/DefaultDependencyHandler_DecoratedCustomizer> (0x00000000e3763590) thrown at [D:\src\AOSP-openjdk-cygwin\jdk8u\hotspot\src\share\vm\classfile\systemDiction

Events (10 events):
Event: 5.935 loading class org/gradle/api/internal/artifacts/ivyservice/resolveengine/graph/builder/DependencyGraphBuilder
Event: 5.935 loading class org/gradle/api/internal/artifacts/ivyservice/resolveengine/graph/builder/DependencyGraphBuilder done
Event: 5.936 loading class org/gradle/internal/resolve/result/BuildableComponentResolveResult
Event: 5.936 loading class org/gradle/internal/resolve/result/BuildableComponentResolveResult done
Event: 5.936 loading class org/gradle/internal/resolve/result/ComponentResolveResult
Event: 5.936 loading class org/gradle/internal/resolve/result/ComponentResolveResult done
Event: 5.936 loading class org/gradle/api/internal/artifacts/ivyservice/resolveengine/graph/RootGraphNode
Event: 5.936 loading class org/gradle/api/internal/artifacts/ivyservice/resolveengine/graph/RootGraphNode done
Event: 5.937 loading class org/gradle/api/internal/artifacts/ivyservice/resolveengine/graph/builder/NodeState
Event: 5.937 loading class org/gradle/api/internal/artifacts/ivyservice/resolveengine/graph/builder/NodeState done


Dynamic libraries:
0x00007ff6d5740000 - 0x00007ff6d5771000 	G:\Program Files\Android\Android Studio\jre\bin\java.exe
0x00007ff867e70000 - 0x00007ff868051000 	C:\WINDOWS\SYSTEM32\ntdll.dll
0x00007ff867730000 - 0x00007ff8677e2000 	C:\WINDOWS\System32\KERNEL32.DLL
0x00007ff864ed0000 - 0x00007ff865143000 	C:\WINDOWS\System32\KERNELBASE.dll
0x00007ff866eb0000 - 0x00007ff866f51000 	C:\WINDOWS\System32\ADVAPI32.dll
0x00007ff8675c0000 - 0x00007ff86765e000 	C:\WINDOWS\System32\msvcrt.dll
0x00007ff8677f0000 - 0x00007ff86784b000 	C:\WINDOWS\System32\sechost.dll
0x00007ff866d00000 - 0x00007ff866e24000 	C:\WINDOWS\System32\RPCRT4.dll
0x00007ff8667a0000 - 0x00007ff866930000 	C:\WINDOWS\System32\USER32.dll
0x00007ff864ce0000 - 0x00007ff864d00000 	C:\WINDOWS\System32\win32u.dll
0x00007ff8674a0000 - 0x00007ff8674c8000 	C:\WINDOWS\System32\GDI32.dll
0x00007ff864240000 - 0x00007ff8643d2000 	C:\WINDOWS\System32\gdi32full.dll
0x00007ff865150000 - 0x00007ff8651ef000 	C:\WINDOWS\System32\msvcp_win.dll
0x00007ff864d00000 - 0x00007ff864df8000 	C:\WINDOWS\System32\ucrtbase.dll
0x00007ff851700000 - 0x00007ff851969000 	C:\WINDOWS\WinSxS\amd64_microsoft.windows.common-controls_6595b64144ccf1df_6.0.17134.648_none_fb45a0e93062a6d2\COMCTL32.dll
0x00007ff866930000 - 0x00007ff866c52000 	C:\WINDOWS\System32\combase.dll
0x00007ff864e50000 - 0x00007ff864eca000 	C:\WINDOWS\System32\bcryptPrimitives.dll
0x00007ff867180000 - 0x00007ff8671ad000 	C:\WINDOWS\System32\IMM32.DLL
0x000000005b4e0000 - 0x000000005b5b2000 	G:\Program Files\Android\Android Studio\jre\jre\bin\msvcr100.dll
0x000000005b860000 - 0x000000005c0a6000 	G:\Program Files\Android\Android Studio\jre\jre\bin\server\jvm.dll
0x00007ff867330000 - 0x00007ff867338000 	C:\WINDOWS\System32\PSAPI.DLL
0x00007ff852060000 - 0x00007ff852069000 	C:\WINDOWS\SYSTEM32\WSOCK32.dll
0x00007ff867660000 - 0x00007ff8676cc000 	C:\WINDOWS\System32\WS2_32.dll
0x00007ff85c880000 - 0x00007ff85c8a3000 	C:\WINDOWS\SYSTEM32\WINMM.dll
0x00007ff861af0000 - 0x00007ff861afa000 	C:\WINDOWS\SYSTEM32\VERSION.dll
0x00007ff85c850000 - 0x00007ff85c87a000 	C:\WINDOWS\SYSTEM32\winmmbase.dll
0x00007ff864e00000 - 0x00007ff864e49000 	C:\WINDOWS\System32\cfgmgr32.dll
0x00007ff8603f0000 - 0x00007ff8603ff000 	G:\Program Files\Android\Android Studio\jre\jre\bin\verify.dll
0x00007ff8578e0000 - 0x00007ff857909000 	G:\Program Files\Android\Android Studio\jre\jre\bin\java.dll
0x00007ff85f110000 - 0x00007ff85f126000 	G:\Program Files\Android\Android Studio\jre\jre\bin\zip.dll
0x00007ff865300000 - 0x00007ff866740000 	C:\WINDOWS\System32\SHELL32.dll
0x00007ff8670c0000 - 0x00007ff867169000 	C:\WINDOWS\System32\shcore.dll
0x00007ff8645d0000 - 0x00007ff864cdd000 	C:\WINDOWS\System32\windows.storage.dll
0x00007ff8676d0000 - 0x00007ff867721000 	C:\WINDOWS\System32\shlwapi.dll
0x00007ff8641a0000 - 0x00007ff8641b1000 	C:\WINDOWS\System32\kernel.appcore.dll
0x00007ff864180000 - 0x00007ff86419f000 	C:\WINDOWS\System32\profapi.dll
0x00007ff8641e0000 - 0x00007ff86422c000 	C:\WINDOWS\System32\powrprof.dll
0x00007ff864230000 - 0x00007ff86423a000 	C:\WINDOWS\System32\FLTLIB.DLL
0x00007ff854320000 - 0x00007ff85433a000 	G:\Program Files\Android\Android Studio\jre\jre\bin\net.dll
0x00007ff855ab0000 - 0x00007ff855c78000 	C:\WINDOWS\SYSTEM32\urlmon.dll
0x00007ff855e40000 - 0x00007ff8560e5000 	C:\WINDOWS\SYSTEM32\iertutil.dll
0x00007ff863830000 - 0x00007ff86383b000 	C:\WINDOWS\SYSTEM32\CRYPTBASE.DLL
0x00007ff863680000 - 0x00007ff8636e6000 	C:\WINDOWS\system32\mswsock.dll
0x00007ff853d40000 - 0x00007ff853d53000 	G:\Program Files\Android\Android Studio\jre\jre\bin\nio.dll
0x00007ff854390000 - 0x00007ff8543b6000 	C:\Users\user\.gradle\native\30\windows-amd64\native-platform.dll
0x00007ff85f2f0000 - 0x00007ff85f2fd000 	G:\Program Files\Android\Android Studio\jre\jre\bin\management.dll
0x00007ff863e80000 - 0x00007ff863e97000 	C:\WINDOWS\SYSTEM32\CRYPTSP.dll
0x00007ff863260000 - 0x00007ff863293000 	C:\WINDOWS\system32\rsaenh.dll
0x00007ff863c80000 - 0x00007ff863ca5000 	C:\WINDOWS\SYSTEM32\bcrypt.dll
0x00007ff8640b0000 - 0x00007ff8640d8000 	C:\WINDOWS\SYSTEM32\USERENV.dll
0x00007ff863400000 - 0x00007ff863438000 	C:\WINDOWS\SYSTEM32\IPHLPAPI.DLL
0x00007ff867170000 - 0x00007ff867178000 	C:\WINDOWS\System32\NSI.dll
0x00007ff85c7b0000 - 0x00007ff85c7c6000 	C:\WINDOWS\SYSTEM32\dhcpcsvc6.DLL
0x00007ff85c770000 - 0x00007ff85c78a000 	C:\WINDOWS\SYSTEM32\dhcpcsvc.DLL

VM Arguments:
jvm_args: -Xmx1536m -Dfile.encoding=UTF-8 -Duser.country=CN -Duser.language=zh -Duser.variant 
java_command: org.gradle.launcher.daemon.bootstrap.GradleDaemon 5.6.4
java_class_path (initial): C:\Users\user\.gradle\wrapper\dists\gradle-5.6.4-all\ankdp27end7byghfw1q2sw75f\gradle-5.6.4\lib\gradle-launcher-5.6.4.jar
Launcher Type: SUN_STANDARD

Environment Variables:
JAVA_HOME=C:\Program Files\Java\jdk1.8.0_141
CLASSPATH=.;C:\Program Files\Java\jdk1.8.0_45\lib;C:\aspectj1.8\lib\aspectjrt.jar;
USERNAME=user
OS=Windows_NT
PROCESSOR_IDENTIFIER=Intel64 Family 6 Model 142 Stepping 9, GenuineIntel



---------------  S Y S T E M  ---------------

OS: Windows 10.0 , 64 bit Build 17134 (10.0.17134.648)

CPU:total 4 (initial active 4) (2 cores per cpu, 2 threads per core) family 6 model 142 stepping 9, cmov, cx8, fxsr, mmx, sse, sse2, sse3, ssse3, sse4.1, sse4.2, popcnt, avx, avx2, aes, clmul, erms, rtm, 3dnowpref, lzcnt, ht, tsc, tscinvbit, bmi1, bmi2, adx

Memory: 4k page, physical 8250716k(2186988k free), swap 9943732k(6340k free)

vm_info: OpenJDK 64-Bit Server VM (25.212-b04) for windows-amd64 JRE (1.8.0_212-release-1586-b04), built by "builder" with MS VC++ 10.0 (VS2010)

time: Wed Apr 22 19:47:30 2020
timezone: 中国标准时间
elapsed time: 5 seconds (0d 0h 0m 5s)

