#
# There is insufficient memory for the Java Runtime Environment to continue.
# Native memory allocation (malloc) failed to allocate 1077136 bytes for Chunk::new
# Possible reasons:
#   The system is out of physical RAM or swap space
#   The process is running with CompressedOops enabled, and the Java Heap may be blocking the growth of the native heap
# Possible solutions:
#   Reduce memory load on the system
#   Increase physical memory or swap space
#   Check if swap backing store is full
#   Decrease Java heap size (-Xmx/-Xms)
#   Decrease number of Java threads
#   Decrease Java thread stack sizes (-Xss)
#   Set larger code cache with -XX:ReservedCodeCacheSize=
#   JVM is running with Unscaled Compressed Oops mode in which the Java heap is
#     placed in the first 4GB address space. The Java Heap base address is the
#     maximum limit for the native heap growth. Please use -XX:HeapBaseMinAddress
#     to set the Java Heap base and to place the Java Heap above 4GB virtual address.
# This output file may be truncated or incomplete.
#
#  Out of Memory Error (allocation.cpp:389), pid=12500, tid=0x000000000000083c
#
# JRE version: OpenJDK Runtime Environment (8.0_212-b04) (build 1.8.0_212-release-1586-b04)
# Java VM: OpenJDK 64-Bit Server VM (25.212-b04 mixed mode windows-amd64 compressed oops)
# Failed to write core dump. Minidumps are not enabled by default on client versions of Windows
#

---------------  T H R E A D  ---------------

Current thread (0x0000000016c79000):  JavaThread "C2 CompilerThread1" daemon [_thread_in_native, id=2108, stack(0x0000000018680000,0x0000000018780000)]

Stack: [0x0000000018680000,0x0000000018780000]
[error occurred during error reporting (printing stack bounds), id 0xc0000005]

Native frames: (J=compiled Java code, j=interpreted, Vv=VM code, C=native code)


Current CompileTask:
C2:   6048 2633       4       java.io.WinNTFileSystem::normalize (143 bytes)


---------------  P R O C E S S  ---------------

Java Threads: ( => current thread )
  0x0000000019118800 JavaThread "Cache worker for execution history cache (C:\Users\user\.gradle\caches\5.6.4\executionHistory)" [_thread_blocked, id=712, stack(0x0000000020850000,0x0000000020950000)]
  0x000000001a0fe000 JavaThread "Cache worker for cache directory md-rule (C:\Users\user\.gradle\caches\5.6.4\md-rule)" [_thread_blocked, id=4436, stack(0x0000000020750000,0x0000000020850000)]
  0x000000001a0fd000 JavaThread "Cache worker for cache directory md-supplier (C:\Users\user\.gradle\caches\5.6.4\md-supplier)" [_thread_blocked, id=4496, stack(0x000000001fdd0000,0x000000001fed0000)]
  0x000000001a100000 JavaThread "Cache worker for file hash cache (G:\AndroidStudioProjects\UIDesign\.gradle\5.6.4\fileHashes)" [_thread_blocked, id=17792, stack(0x000000001d6a0000,0x000000001d7a0000)]
  0x000000001a0ff800 JavaThread "Cache worker for journal cache (C:\Users\user\.gradle\caches\journal-1)" [_thread_blocked, id=16080, stack(0x000000001c5d0000,0x000000001c6d0000)]
  0x000000001a0fa000 JavaThread "File lock request listener" [_thread_in_native, id=15256, stack(0x000000001c3d0000,0x000000001c4d0000)]
  0x000000001a0fb000 JavaThread "Cache worker for file hash cache (C:\Users\user\.gradle\caches\5.6.4\fileHashes)" [_thread_blocked, id=11976, stack(0x000000001c2d0000,0x000000001c3d0000)]
  0x000000001a683800 JavaThread "Thread-9" [_thread_blocked, id=15336, stack(0x000000001bfd0000,0x000000001c0d0000)]
  0x000000001a682800 JavaThread "Stdin handler" [_thread_blocked, id=15720, stack(0x000000001bed0000,0x000000001bfd0000)]
  0x000000001a659800 JavaThread "Asynchronous log dispatcher for DefaultDaemonConnection: socket connection from /127.0.0.1:8798 to /127.0.0.1:8799" [_thread_blocked, id=18208, stack(0x000000001bdd0000,0x000000001bed0000)]
  0x000000001a670800 JavaThread "Daemon worker" [_thread_in_Java, id=10144, stack(0x000000001bcd0000,0x000000001bdd0000)]
  0x000000001a66d000 JavaThread "Cancel handler" [_thread_blocked, id=11900, stack(0x000000001bbd0000,0x000000001bcd0000)]
  0x000000001a637000 JavaThread "Handler for socket connection from /127.0.0.1:8798 to /127.0.0.1:8799" [_thread_in_native, id=13884, stack(0x000000001b8d0000,0x000000001b9d0000)]
  0x000000001a635800 JavaThread "Daemon" [_thread_blocked, id=7848, stack(0x000000001b7d0000,0x000000001b8d0000)]
  0x000000001a5de000 JavaThread "Daemon periodic checks" [_thread_blocked, id=8316, stack(0x000000001b6d0000,0x000000001b7d0000)]
  0x000000001a5c2800 JavaThread "Incoming local TCP Connector on port 8798" [_thread_in_native, id=7752, stack(0x000000001b520000,0x000000001b620000)]
  0x00000000182bf000 JavaThread "Daemon health stats" [_thread_blocked, id=10936, stack(0x000000001b220000,0x000000001b320000)]
  0x000000001800f800 JavaThread "Service Thread" daemon [_thread_blocked, id=15540, stack(0x0000000018880000,0x0000000018980000)]
  0x0000000017f9a800 JavaThread "C1 CompilerThread2" daemon [_thread_blocked, id=17200, stack(0x0000000018780000,0x0000000018880000)]
=>0x0000000016c79000 JavaThread "C2 CompilerThread1" daemon [_thread_in_native, id=2108, stack(0x0000000018680000,0x0000000018780000)]
  0x0000000016c31000 JavaThread "C2 CompilerThread0" daemon [_thread_in_native, id=420, stack(0x0000000018580000,0x0000000018680000)]
  0x0000000016c78000 JavaThread "Attach Listener" daemon [_thread_blocked, id=5076, stack(0x0000000018480000,0x0000000018580000)]
  0x0000000017f90800 JavaThread "Signal Dispatcher" daemon [_thread_blocked, id=10880, stack(0x0000000018380000,0x0000000018480000)]
  0x00000000031ad800 JavaThread "Finalizer" daemon [_thread_blocked, id=5828, stack(0x0000000017e80000,0x0000000017f80000)]
  0x0000000016c09000 JavaThread "Reference Handler" daemon [_thread_blocked, id=8040, stack(0x0000000017d80000,0x0000000017e80000)]
  0x00000000030b3800 JavaThread "main" [_thread_blocked, id=9064, stack(0x0000000002c30000,0x0000000002d30000)]

Other Threads:
  0x0000000016be7800 VMThread [stack: 0x0000000017c80000,0x0000000017d80000] [id=3796]
  0x0000000018011000 WatcherThread [stack: 0x0000000018980000,0x0000000018a80000] [id=9364]

VM state:not at safepoint (normal execution)

VM Mutex/Monitor currently owned by a thread: None

heap address: 0x00000000a0000000, size: 1536 MB, Compressed Oops mode: 32-bit
Narrow klass base: 0x0000000000000000, Narrow klass shift: 3
Compressed class space size: 1073741824 Address: 0x0000000100000000

Heap:
 PSYoungGen      total 75776K, used 47352K [0x00000000e0000000, 0x00000000e8200000, 0x0000000100000000)
  eden space 65024K, 60% used [0x00000000e0000000,0x00000000e261d088,0x00000000e3f80000)
  from space 10752K, 77% used [0x00000000e4a80000,0x00000000e52a1338,0x00000000e5500000)
  to   space 11264K, 0% used [0x00000000e3f80000,0x00000000e3f80000,0x00000000e4a80000)
 ParOldGen       total 58368K, used 9749K [0x00000000a0000000, 0x00000000a3900000, 0x00000000e0000000)
  object space 58368K, 16% used [0x00000000a0000000,0x00000000a0985760,0x00000000a3900000)
 Metaspace       used 33982K, capacity 34770K, committed 34944K, reserved 1079296K
  class space    used 4652K, capacity 4880K, committed 4992K, reserved 1048576K

Card table byte_map: [0x0000000012670000,0x0000000012980000] byte_map_base: 0x0000000012170000

Marking Bits: (ParMarkBitMap*) 0x000000005c029f30
 Begin Bits: [0x0000000012f80000, 0x0000000014780000)
 End Bits:   [0x0000000014780000, 0x0000000015f80000)

Polling page: 0x0000000000eb0000

CodeCache: size=245760Kb used=10757Kb max_used=10757Kb free=235002Kb
 bounds [0x00000000032b0000, 0x0000000003d40000, 0x00000000122b0000]
 total_blobs=3661 nmethods=2961 adapters=612
 compilation: enabled

Compilation events (10 events):
Event: 6.046 Thread 0x0000000017f9a800 2957       1       org.gradle.api.internal.artifacts.ivyservice.resolveengine.artifact.ResolvedArtifactsGraphVisitor$ArtifactsForNode::access$000 (5 bytes)
Event: 6.046 Thread 0x0000000017f9a800 nmethod 2957 0x0000000003d34390 code [0x0000000003d344e0, 0x0000000003d345d0]
Event: 6.046 Thread 0x0000000017f9a800 2958       1       org.gradle.api.internal.artifacts.ivyservice.resolveengine.artifact.ResolvedArtifactsGraphVisitor$ArtifactsForNode::access$100 (5 bytes)
Event: 6.046 Thread 0x0000000017f9a800 nmethod 2958 0x0000000003d34650 code [0x0000000003d347a0, 0x0000000003d34890]
Event: 6.046 Thread 0x0000000017f9a800 2950       3       java.util.Collections::emptySet (4 bytes)
Event: 6.046 Thread 0x0000000017f9a800 nmethod 2950 0x0000000003d34910 code [0x0000000003d34a60, 0x0000000003d34b90]
Event: 6.046 Thread 0x0000000017f9a800 2951       1       org.gradle.api.internal.artifacts.ivyservice.resolveengine.graph.builder.NodeState::getOutgoingEdges (5 bytes)
Event: 6.046 Thread 0x0000000017f9a800 nmethod 2951 0x0000000003d34c10 code [0x0000000003d34d60, 0x0000000003d34e70]
Event: 6.046 Thread 0x0000000017f9a800 2954       1       org.gradle.internal.component.external.model.AbstractModuleComponentResolveMetadata::getVariants (5 bytes)
Event: 6.046 Thread 0x0000000017f9a800 nmethod 2954 0x0000000003d34ed0 code [0x0000000003d35020, 0x0000000003d35130]

GC Heap History (10 events):
Event: 3.899 GC heap before
{Heap before GC invocations=5 (full 0):
 PSYoungGen      total 37888K, used 37864K [0x00000000e0000000, 0x00000000e4a00000, 0x0000000100000000)
  eden space 32768K, 100% used [0x00000000e0000000,0x00000000e2000000,0x00000000e2000000)
  from space 5120K, 99% used [0x00000000e2500000,0x00000000e29fa040,0x00000000e2a00000)
  to   space 5120K, 0% used [0x00000000e2000000,0x00000000e2000000,0x00000000e2500000)
 ParOldGen       total 86016K, used 4372K [0x00000000a0000000, 0x00000000a5400000, 0x00000000e0000000)
  object space 86016K, 5% used [0x00000000a0000000,0x00000000a0445000,0x00000000a5400000)
 Metaspace       used 17776K, capacity 18236K, committed 18432K, reserved 1064960K
  class space    used 2542K, capacity 2696K, committed 2816K, reserved 1048576K
Event: 3.911 GC heap after
Heap after GC invocations=5 (full 0):
 PSYoungGen      total 37888K, used 5096K [0x00000000e0000000, 0x00000000e5500000, 0x0000000100000000)
  eden space 32768K, 0% used [0x00000000e0000000,0x00000000e0000000,0x00000000e2000000)
  from space 5120K, 99% used [0x00000000e2000000,0x00000000e24fa020,0x00000000e2500000)
  to   space 10752K, 0% used [0x00000000e4a80000,0x00000000e4a80000,0x00000000e5500000)
 ParOldGen       total 86016K, used 8115K [0x00000000a0000000, 0x00000000a5400000, 0x00000000e0000000)
  object space 86016K, 9% used [0x00000000a0000000,0x00000000a07ecc78,0x00000000a5400000)
 Metaspace       used 17776K, capacity 18236K, committed 18432K, reserved 1064960K
  class space    used 2542K, capacity 2696K, committed 2816K, reserved 1048576K
}
Event: 4.244 GC heap before
{Heap before GC invocations=6 (full 0):
 PSYoungGen      total 37888K, used 32974K [0x00000000e0000000, 0x00000000e5500000, 0x0000000100000000)
  eden space 32768K, 85% used [0x00000000e0000000,0x00000000e1b39b10,0x00000000e2000000)
  from space 5120K, 99% used [0x00000000e2000000,0x00000000e24fa020,0x00000000e2500000)
  to   space 10752K, 0% used [0x00000000e4a80000,0x00000000e4a80000,0x00000000e5500000)
 ParOldGen       total 86016K, used 8115K [0x00000000a0000000, 0x00000000a5400000, 0x00000000e0000000)
  object space 86016K, 9% used [0x00000000a0000000,0x00000000a07ecc78,0x00000000a5400000)
 Metaspace       used 20665K, capacity 21182K, committed 21296K, reserved 1067008K
  class space    used 2974K, capacity 3133K, committed 3200K, reserved 1048576K
Event: 4.251 GC heap after
Heap after GC invocations=6 (full 0):
 PSYoungGen      total 75776K, used 8728K [0x00000000e0000000, 0x00000000e5600000, 0x0000000100000000)
  eden space 65024K, 0% used [0x00000000e0000000,0x00000000e0000000,0x00000000e3f80000)
  from space 10752K, 81% used [0x00000000e4a80000,0x00000000e5306270,0x00000000e5500000)
  to   space 11264K, 0% used [0x00000000e3f80000,0x00000000e3f80000,0x00000000e4a80000)
 ParOldGen       total 86016K, used 8115K [0x00000000a0000000, 0x00000000a5400000, 0x00000000e0000000)
  object space 86016K, 9% used [0x00000000a0000000,0x00000000a07ecc78,0x00000000a5400000)
 Metaspace       used 20665K, capacity 21182K, committed 21296K, reserved 1067008K
  class space    used 2974K, capacity 3133K, committed 3200K, reserved 1048576K
}
Event: 4.251 GC heap before
{Heap before GC invocations=7 (full 1):
 PSYoungGen      total 75776K, used 8728K [0x00000000e0000000, 0x00000000e5600000, 0x0000000100000000)
  eden space 65024K, 0% used [0x00000000e0000000,0x00000000e0000000,0x00000000e3f80000)
  from space 10752K, 81% used [0x00000000e4a80000,0x00000000e5306270,0x00000000e5500000)
  to   space 11264K, 0% used [0x00000000e3f80000,0x00000000e3f80000,0x00000000e4a80000)
 ParOldGen       total 86016K, used 8115K [0x00000000a0000000, 0x00000000a5400000, 0x00000000e0000000)
  object space 86016K, 9% used [0x00000000a0000000,0x00000000a07ecc78,0x00000000a5400000)
 Metaspace       used 20665K, capacity 21182K, committed 21296K, reserved 1067008K
  class space    used 2974K, capacity 3133K, committed 3200K, reserved 1048576K
Event: 4.291 GC heap after
Heap after GC invocations=7 (full 1):
 PSYoungGen      total 75776K, used 0K [0x00000000e0000000, 0x00000000e5600000, 0x0000000100000000)
  eden space 65024K, 0% used [0x00000000e0000000,0x00000000e0000000,0x00000000e3f80000)
  from space 10752K, 0% used [0x00000000e4a80000,0x00000000e4a80000,0x00000000e5500000)
  to   space 11264K, 0% used [0x00000000e3f80000,0x00000000e3f80000,0x00000000e4a80000)
 ParOldGen       total 58368K, used 9733K [0x00000000a0000000, 0x00000000a3900000, 0x00000000e0000000)
  object space 58368K, 16% used [0x00000000a0000000,0x00000000a0981760,0x00000000a3900000)
 Metaspace       used 20665K, capacity 21182K, committed 21296K, reserved 1067008K
  class space    used 2974K, capacity 3133K, committed 3200K, reserved 1048576K
}
Event: 5.149 GC heap before
{Heap before GC invocations=8 (full 1):
 PSYoungGen      total 75776K, used 65024K [0x00000000e0000000, 0x00000000e5600000, 0x0000000100000000)
  eden space 65024K, 100% used [0x00000000e0000000,0x00000000e3f80000,0x00000000e3f80000)
  from space 10752K, 0% used [0x00000000e4a80000,0x00000000e4a80000,0x00000000e5500000)
  to   space 11264K, 0% used [0x00000000e3f80000,0x00000000e3f80000,0x00000000e4a80000)
 ParOldGen       total 58368K, used 9733K [0x00000000a0000000, 0x00000000a3900000, 0x00000000e0000000)
  object space 58368K, 16% used [0x00000000a0000000,0x00000000a0981760,0x00000000a3900000)
 Metaspace       used 29066K, capacity 29596K, committed 29824K, reserved 1075200K
  class space    used 3901K, capacity 4099K, committed 4224K, reserved 1048576K
Event: 5.161 GC heap after
Heap after GC invocations=8 (full 1):
 PSYoungGen      total 76288K, used 7939K [0x00000000e0000000, 0x00000000e5600000, 0x0000000100000000)
  eden space 65024K, 0% used [0x00000000e0000000,0x00000000e0000000,0x00000000e3f80000)
  from space 11264K, 70% used [0x00000000e3f80000,0x00000000e4740ce8,0x00000000e4a80000)
  to   space 10752K, 0% used [0x00000000e4a80000,0x00000000e4a80000,0x00000000e5500000)
 ParOldGen       total 58368K, used 9741K [0x00000000a0000000, 0x00000000a3900000, 0x00000000e0000000)
  object space 58368K, 16% used [0x00000000a0000000,0x00000000a0983760,0x00000000a3900000)
 Metaspace       used 29066K, capacity 29596K, committed 29824K, reserved 1075200K
  class space    used 3901K, capacity 4099K, committed 4224K, reserved 1048576K
}
Event: 5.715 GC heap before
{Heap before GC invocations=9 (full 1):
 PSYoungGen      total 76288K, used 72963K [0x00000000e0000000, 0x00000000e5600000, 0x0000000100000000)
  eden space 65024K, 100% used [0x00000000e0000000,0x00000000e3f80000,0x00000000e3f80000)
  from space 11264K, 70% used [0x00000000e3f80000,0x00000000e4740ce8,0x00000000e4a80000)
  to   space 10752K, 0% used [0x00000000e4a80000,0x00000000e4a80000,0x00000000e5500000)
 ParOldGen       total 58368K, used 9741K [0x00000000a0000000, 0x00000000a3900000, 0x00000000e0000000)
  object space 58368K, 16% used [0x00000000a0000000,0x00000000a0983760,0x00000000a3900000)
 Metaspace       used 32067K, capacity 32672K, committed 32768K, reserved 1077248K
  class space    used 4383K, capacity 4591K, committed 4608K, reserved 1048576K
Event: 5.735 GC heap after
Heap after GC invocations=9 (full 1):
 PSYoungGen      total 75776K, used 8324K [0x00000000e0000000, 0x00000000e8200000, 0x0000000100000000)
  eden space 65024K, 0% used [0x00000000e0000000,0x00000000e0000000,0x00000000e3f80000)
  from space 10752K, 77% used [0x00000000e4a80000,0x00000000e52a1338,0x00000000e5500000)
  to   space 11264K, 0% used [0x00000000e3f80000,0x00000000e3f80000,0x00000000e4a80000)
 ParOldGen       total 58368K, used 9749K [0x00000000a0000000, 0x00000000a3900000, 0x00000000e0000000)
  object space 58368K, 16% used [0x00000000a0000000,0x00000000a0985760,0x00000000a3900000)
 Metaspace       used 32067K, capacity 32672K, committed 32768K, reserved 1077248K
  class space    used 4383K, capacity 4591K, committed 4608K, reserved 1048576K
}

Deoptimization events (10 events):
Event: 4.520 Thread 0x000000001a670800 Uncommon trap: reason=class_check action=maybe_recompile pc=0x00000000038fee5c method=sun.misc.URLClassPath.getLoader(I)Lsun/misc/URLClassPath$Loader; @ 239
Event: 4.766 Thread 0x000000001a670800 Uncommon trap: reason=unstable_if action=reinterpret pc=0x00000000037946e0 method=java.util.HashMap.hash(Ljava/lang/Object;)I @ 1
Event: 4.838 Thread 0x000000001a670800 Uncommon trap: reason=unstable_if action=reinterpret pc=0x0000000003544eb8 method=java.util.HashMap.getNode(ILjava/lang/Object;)Ljava/util/HashMap$Node; @ 53
Event: 4.839 Thread 0x000000001a670800 Uncommon trap: reason=unstable_if action=reinterpret pc=0x0000000003760094 method=java.util.HashMap.hash(Ljava/lang/Object;)I @ 1
Event: 4.919 Thread 0x000000001a670800 Uncommon trap: reason=unstable_if action=reinterpret pc=0x00000000036ac770 method=java.util.LinkedHashMap.afterNodeInsertion(Z)V @ 1
Event: 5.172 Thread 0x000000001a670800 Uncommon trap: reason=class_check action=maybe_recompile pc=0x00000000038fed48 method=sun.misc.URLClassPath.getLoader(I)Lsun/misc/URLClassPath$Loader; @ 94
Event: 5.177 Thread 0x000000001a670800 Uncommon trap: reason=class_check action=maybe_recompile pc=0x0000000003905a38 method=sun.misc.URLClassPath.getLoader(I)Lsun/misc/URLClassPath$Loader; @ 239
Event: 5.260 Thread 0x000000001a670800 Uncommon trap: reason=unstable_if action=reinterpret pc=0x0000000003584d8c method=java.io.WinNTFileSystem.resolve(Ljava/lang/String;Ljava/lang/String;)Ljava/lang/String; @ 49
Event: 5.511 Thread 0x000000001a670800 Uncommon trap: reason=class_check action=maybe_recompile pc=0x0000000003bd1390 method=sun.reflect.generics.reflectiveObjects.TypeVariableImpl.getGenericDeclaration()Ljava/lang/reflect/GenericDeclaration; @ 4
Event: 5.511 Thread 0x000000001a670800 Uncommon trap: reason=class_check action=maybe_recompile pc=0x0000000003bd1390 method=sun.reflect.generics.reflectiveObjects.TypeVariableImpl.getGenericDeclaration()Ljava/lang/reflect/GenericDeclaration; @ 4

Classes redefined (0 events):
No events

Internal exceptions (10 events):
Event: 5.352 Thread 0x000000001a670800 Exception <a 'java/lang/ClassNotFoundException': org/gradle/api/internal/artifacts/dsl/DefaultRepositoryHandlerCustomizer> (0x00000000e126b780) thrown at [D:\src\AOSP-openjdk-cygwin\jdk8u\hotspot\src\share\vm\classfile\systemDictionary.cpp, line 210]
Event: 5.354 Thread 0x000000001a670800 Exception <a 'java/lang/ClassNotFoundException': org/gradle/api/internal/artifacts/dsl/DefaultRepositoryHandler_DecoratedCustomizer> (0x00000000e12e7b88) thrown at [D:\src\AOSP-openjdk-cygwin\jdk8u\hotspot\src\share\vm\classfile\systemDictionary.cpp, line
Event: 5.660 Thread 0x000000001a670800 Exception <a 'java/lang/ClassNotFoundException': org/gradle/api/internal/artifacts/dsl/dependencies/DefaultDependencyHandler_DecoratedBeanInfo> (0x00000000e383e5e0) thrown at [D:\src\AOSP-openjdk-cygwin\jdk8u\hotspot\src\share\vm\classfile\systemDictionar
Event: 5.661 Thread 0x000000001a670800 Exception <a 'java/lang/ClassNotFoundException': org/gradle/api/internal/artifacts/dsl/dependencies/DefaultDependencyHandlerBeanInfo> (0x00000000e38972c8) thrown at [D:\src\AOSP-openjdk-cygwin\jdk8u\hotspot\src\share\vm\classfile\systemDictionary.cpp, lin
Event: 5.662 Thread 0x000000001a670800 Exception <a 'java/lang/ClassNotFoundException': org/gradle/api/internal/artifacts/dsl/dependencies/DefaultDependencyHandlerCustomizer> (0x00000000e38f0e00) thrown at [D:\src\AOSP-openjdk-cygwin\jdk8u\hotspot\src\share\vm\classfile\systemDictionary.cpp, l
Event: 5.666 Thread 0x000000001a670800 Exception <a 'java/lang/ClassNotFoundException': org/gradle/api/internal/artifacts/dsl/dependencies/DefaultDependencyHandler_DecoratedCustomizer> (0x00000000e3980780) thrown at [D:\src\AOSP-openjdk-cygwin\jdk8u\hotspot\src\share\vm\classfile\systemDiction
Event: 5.826 Thread 0x000000001a670800 Exception <a 'java/lang/IncompatibleClassChangeError': Found class java.lang.Object, but interface was expected> (0x00000000e0f17410) thrown at [D:\src\AOSP-openjdk-cygwin\jdk8u\hotspot\src\share\vm\interpreter\linkResolver.cpp, line 653]
Event: 5.827 Thread 0x000000001a670800 Exception <a 'java/lang/NoSuchMethodError': java.lang.Object.lambda$comparing$77a9974f$1(Ljava/util/function/Function;Ljava/lang/Object;Ljava/lang/Object;)I> (0x00000000e0f22bd8) thrown at [D:\src\AOSP-openjdk-cygwin\jdk8u\hotspot\src\share\vm\interpreter
Event: 5.829 Thread 0x000000001a670800 Exception <a 'java/lang/NoSuchMethodError': java.lang.Object.lambda$thenComparing$36697e65$1(Ljava/util/Comparator;Ljava/lang/Object;Ljava/lang/Object;)I> (0x00000000e0f36e00) thrown at [D:\src\AOSP-openjdk-cygwin\jdk8u\hotspot\src\share\vm\interpreter\li
Event: 5.831 Thread 0x000000001a670800 Exception <a 'java/lang/NoSuchMethodError': java.lang.Object.lambda$comparing$ea9a8b3a$1(Ljava/util/Comparator;Ljava/util/function/Function;Ljava/lang/Object;Ljava/lang/Object;)I> (0x00000000e0f50b10) thrown at [D:\src\AOSP-openjdk-cygwin\jdk8u\hotspot\sr

Events (10 events):
Event: 6.038 loading class org/gradle/api/internal/artifacts/ivyservice/resolveengine/oldresult/TransientConfigurationResultsBuilder$4
Event: 6.038 loading class org/gradle/api/internal/artifacts/ivyservice/resolveengine/oldresult/TransientConfigurationResultsBuilder$4 done
Event: 6.045 loading class org/gradle/api/internal/artifacts/ivyservice/resolveengine/result/StreamingResolutionResultBuilder$1
Event: 6.045 loading class org/gradle/api/internal/artifacts/ivyservice/resolveengine/result/StreamingResolutionResultBuilder$1 done
Event: 6.045 loading class org/gradle/api/internal/artifacts/ivyservice/resolveengine/oldresult/TransientConfigurationResultsBuilder$2
Event: 6.045 loading class org/gradle/api/internal/artifacts/ivyservice/resolveengine/oldresult/TransientConfigurationResultsBuilder$2 done
Event: 6.046 loading class org/gradle/api/internal/artifacts/ivyservice/resolveengine/store/DefaultBinaryStore$SimpleBinaryData
Event: 6.046 loading class org/gradle/api/internal/artifacts/ivyservice/resolveengine/store/DefaultBinaryStore$SimpleBinaryData done
Event: 6.047 loading class org/gradle/api/internal/artifacts/ivyservice/resolveengine/artifact/DefaultVisitedArtifactResults
Event: 6.047 loading class org/gradle/api/internal/artifacts/ivyservice/resolveengine/artifact/DefaultVisitedArtifactResults done


Dynamic libraries:
0x00007ff6d5740000 - 0x00007ff6d5771000 	G:\Program Files\Android\Android Studio\jre\bin\java.exe
0x00007ff867e70000 - 0x00007ff868051000 	C:\WINDOWS\SYSTEM32\ntdll.dll
0x00007ff867730000 - 0x00007ff8677e2000 	C:\WINDOWS\System32\KERNEL32.DLL
0x00007ff864ed0000 - 0x00007ff865143000 	C:\WINDOWS\System32\KERNELBASE.dll
0x00007ff866eb0000 - 0x00007ff866f51000 	C:\WINDOWS\System32\ADVAPI32.dll
0x00007ff8675c0000 - 0x00007ff86765e000 	C:\WINDOWS\System32\msvcrt.dll
0x00007ff8677f0000 - 0x00007ff86784b000 	C:\WINDOWS\System32\sechost.dll
0x00007ff866d00000 - 0x00007ff866e24000 	C:\WINDOWS\System32\RPCRT4.dll
0x00007ff8667a0000 - 0x00007ff866930000 	C:\WINDOWS\System32\USER32.dll
0x00007ff864ce0000 - 0x00007ff864d00000 	C:\WINDOWS\System32\win32u.dll
0x00007ff8674a0000 - 0x00007ff8674c8000 	C:\WINDOWS\System32\GDI32.dll
0x00007ff864240000 - 0x00007ff8643d2000 	C:\WINDOWS\System32\gdi32full.dll
0x00007ff865150000 - 0x00007ff8651ef000 	C:\WINDOWS\System32\msvcp_win.dll
0x00007ff864d00000 - 0x00007ff864df8000 	C:\WINDOWS\System32\ucrtbase.dll
0x00007ff851700000 - 0x00007ff851969000 	C:\WINDOWS\WinSxS\amd64_microsoft.windows.common-controls_6595b64144ccf1df_6.0.17134.648_none_fb45a0e93062a6d2\COMCTL32.dll
0x00007ff866930000 - 0x00007ff866c52000 	C:\WINDOWS\System32\combase.dll
0x00007ff864e50000 - 0x00007ff864eca000 	C:\WINDOWS\System32\bcryptPrimitives.dll
0x00007ff867180000 - 0x00007ff8671ad000 	C:\WINDOWS\System32\IMM32.DLL
0x000000005b4e0000 - 0x000000005b5b2000 	G:\Program Files\Android\Android Studio\jre\jre\bin\msvcr100.dll
0x000000005b860000 - 0x000000005c0a6000 	G:\Program Files\Android\Android Studio\jre\jre\bin\server\jvm.dll
0x00007ff867330000 - 0x00007ff867338000 	C:\WINDOWS\System32\PSAPI.DLL
0x00007ff852060000 - 0x00007ff852069000 	C:\WINDOWS\SYSTEM32\WSOCK32.dll
0x00007ff867660000 - 0x00007ff8676cc000 	C:\WINDOWS\System32\WS2_32.dll
0x00007ff85c880000 - 0x00007ff85c8a3000 	C:\WINDOWS\SYSTEM32\WINMM.dll
0x00007ff861af0000 - 0x00007ff861afa000 	C:\WINDOWS\SYSTEM32\VERSION.dll
0x00007ff85c850000 - 0x00007ff85c87a000 	C:\WINDOWS\SYSTEM32\winmmbase.dll
0x00007ff864e00000 - 0x00007ff864e49000 	C:\WINDOWS\System32\cfgmgr32.dll
0x00007ff8603f0000 - 0x00007ff8603ff000 	G:\Program Files\Android\Android Studio\jre\jre\bin\verify.dll
0x00007ff8578e0000 - 0x00007ff857909000 	G:\Program Files\Android\Android Studio\jre\jre\bin\java.dll
0x00007ff85f110000 - 0x00007ff85f126000 	G:\Program Files\Android\Android Studio\jre\jre\bin\zip.dll
0x00007ff865300000 - 0x00007ff866740000 	C:\WINDOWS\System32\SHELL32.dll
0x00007ff8670c0000 - 0x00007ff867169000 	C:\WINDOWS\System32\shcore.dll
0x00007ff8645d0000 - 0x00007ff864cdd000 	C:\WINDOWS\System32\windows.storage.dll
0x00007ff8676d0000 - 0x00007ff867721000 	C:\WINDOWS\System32\shlwapi.dll
0x00007ff8641a0000 - 0x00007ff8641b1000 	C:\WINDOWS\System32\kernel.appcore.dll
0x00007ff864180000 - 0x00007ff86419f000 	C:\WINDOWS\System32\profapi.dll
0x00007ff8641e0000 - 0x00007ff86422c000 	C:\WINDOWS\System32\powrprof.dll
0x00007ff864230000 - 0x00007ff86423a000 	C:\WINDOWS\System32\FLTLIB.DLL
0x00007ff854320000 - 0x00007ff85433a000 	G:\Program Files\Android\Android Studio\jre\jre\bin\net.dll
0x00007ff855ab0000 - 0x00007ff855c78000 	C:\WINDOWS\SYSTEM32\urlmon.dll
0x00007ff855e40000 - 0x00007ff8560e5000 	C:\WINDOWS\SYSTEM32\iertutil.dll
0x00007ff863830000 - 0x00007ff86383b000 	C:\WINDOWS\SYSTEM32\CRYPTBASE.DLL
0x00007ff863680000 - 0x00007ff8636e6000 	C:\WINDOWS\system32\mswsock.dll
0x00007ff853d40000 - 0x00007ff853d53000 	G:\Program Files\Android\Android Studio\jre\jre\bin\nio.dll
0x00007ff854390000 - 0x00007ff8543b6000 	C:\Users\user\.gradle\native\30\windows-amd64\native-platform.dll
0x00007ff85f2f0000 - 0x00007ff85f2fd000 	G:\Program Files\Android\Android Studio\jre\jre\bin\management.dll
0x00007ff863e80000 - 0x00007ff863e97000 	C:\WINDOWS\SYSTEM32\CRYPTSP.dll
0x00007ff863260000 - 0x00007ff863293000 	C:\WINDOWS\system32\rsaenh.dll
0x00007ff863c80000 - 0x00007ff863ca5000 	C:\WINDOWS\SYSTEM32\bcrypt.dll
0x00007ff8640b0000 - 0x00007ff8640d8000 	C:\WINDOWS\SYSTEM32\USERENV.dll
0x00007ff863400000 - 0x00007ff863438000 	C:\WINDOWS\SYSTEM32\IPHLPAPI.DLL
0x00007ff867170000 - 0x00007ff867178000 	C:\WINDOWS\System32\NSI.dll
0x00007ff85c7b0000 - 0x00007ff85c7c6000 	C:\WINDOWS\SYSTEM32\dhcpcsvc6.DLL
0x00007ff85c770000 - 0x00007ff85c78a000 	C:\WINDOWS\SYSTEM32\dhcpcsvc.DLL

VM Arguments:
jvm_args: -Xmx1536m -Dfile.encoding=UTF-8 -Duser.country=CN -Duser.language=zh -Duser.variant 
java_command: org.gradle.launcher.daemon.bootstrap.GradleDaemon 5.6.4
java_class_path (initial): C:\Users\user\.gradle\wrapper\dists\gradle-5.6.4-all\ankdp27end7byghfw1q2sw75f\gradle-5.6.4\lib\gradle-launcher-5.6.4.jar
Launcher Type: SUN_STANDARD

Environment Variables:
JAVA_HOME=C:\Program Files\Java\jdk1.8.0_141
CLASSPATH=.;C:\Program Files\Java\jdk1.8.0_45\lib;C:\aspectj1.8\lib\aspectjrt.jar;
USERNAME=user
OS=Windows_NT
PROCESSOR_IDENTIFIER=Intel64 Family 6 Model 142 Stepping 9, GenuineIntel



---------------  S Y S T E M  ---------------

OS: Windows 10.0 , 64 bit Build 17134 (10.0.17134.648)

CPU:total 4 (initial active 4) (2 cores per cpu, 2 threads per core) family 6 model 142 stepping 9, cmov, cx8, fxsr, mmx, sse, sse2, sse3, ssse3, sse4.1, sse4.2, popcnt, avx, avx2, aes, clmul, erms, rtm, 3dnowpref, lzcnt, ht, tsc, tscinvbit, bmi1, bmi2, adx

Memory: 4k page, physical 8250716k(2318456k free), swap 9943880k(5888k free)

vm_info: OpenJDK 64-Bit Server VM (25.212-b04) for windows-amd64 JRE (1.8.0_212-release-1586-b04), built by "builder" with MS VC++ 10.0 (VS2010)

time: Wed Apr 22 19:48:01 2020
timezone: 中国标准时间
elapsed time: 6 seconds (0d 0h 0m 6s)

